<?xml version="1.0" encoding="UTF-8"?>
<!-- Generated by org.testng.reporters.JUnitReportReporter -->
<testsuite hostname="LAPTOP-QAV6HV7O" failures="0" tests="1" name="StepDefinition.ExceptionTimeoutTest" time="0.002" errors="0" timestamp="2021-07-26T18:09:45 IST" skipped="0">
  <testcase classname="StepDefinition.ExceptionTimeoutTest" name="test1" time="0.002"/>
  <system-out/>
</testsuite> <!-- StepDefinition.ExceptionTimeoutTest -->
